SF:lib\providers\theme_provider.dart
DA:6,1
DA:7,3
DA:8,1
LF:3
LH:3
end_of_record
SF:lib\models\restaurant.model.dart
DA:8,0
DA:10,0
DA:11,0
DA:12,0
DA:14,0
DA:15,0
DA:16,0
DA:18,0
DA:19,0
DA:37,0
DA:50,0
DA:51,0
DA:52,0
DA:53,0
DA:54,0
DA:55,0
DA:56,0
DA:57,0
DA:58,0
DA:59,0
DA:61,0
DA:62,0
DA:63,0
DA:65,0
DA:66,0
DA:68,0
DA:69,0
LF:27
LH:0
end_of_record
SF:lib\providers\restaurant.provider.dart
DA:11,0
DA:16,0
DA:21,0
DA:37,0
DA:38,0
DA:40,2
DA:42,2
DA:44,0
DA:46,0
DA:47,0
DA:48,0
DA:51,0
DA:54,0
DA:56,0
DA:57,0
DA:58,0
DA:59,0
DA:64,0
DA:66,0
DA:67,0
DA:70,0
DA:72,0
DA:74,0
DA:76,0
DA:79,0
DA:81,0
DA:82,0
DA:87,0
DA:89,0
DA:90,0
DA:91,0
DA:93,0
DA:96,0
DA:97,0
DA:99,0
DA:100,0
DA:105,0
DA:106,0
DA:107,0
DA:108,0
DA:111,0
DA:112,0
DA:113,0
DA:114,0
DA:116,0
DA:118,0
DA:120,0
DA:122,0
DA:123,0
DA:125,0
DA:128,0
DA:129,0
DA:132,0
DA:133,0
DA:135,0
DA:136,0
DA:142,1
DA:143,2
DA:144,1
LF:59
LH:5
end_of_record
SF:lib\repositories\restaurant_repository.dart
DA:8,0
DA:10,0
DA:16,0
DA:18,0
DA:19,0
DA:20,0
DA:21,0
DA:22,0
DA:31,0
DA:33,0
DA:34,0
DA:35,0
DA:36,0
DA:39,0
DA:40,0
DA:42,0
DA:49,0
DA:51,0
DA:52,0
DA:53,0
DA:54,0
DA:57,0
DA:58,0
DA:60,0
LF:24
LH:0
end_of_record
SF:lib\services\restaurant_service.dart
DA:6,4
DA:7,1
DA:8,1
DA:10,1
DA:14,3
DA:15,2
DA:16,2
DA:18,1
LF:8
LH:8
end_of_record
SF:lib\constants\app_constants.dart
DA:5,0
DA:6,0
DA:7,0
LF:3
LH:0
end_of_record
SF:lib\models\customer_review.model.dart
DA:6,0
DA:8,0
DA:9,0
DA:10,0
DA:11,0
DA:12,0
DA:16,0
DA:17,0
DA:18,0
DA:19,0
DA:20,0
LF:11
LH:0
end_of_record
SF:lib\models\restaurant_item.model.dart
DA:3,0
DA:7,0
DA:9,0
DA:10,0
DA:11,0
DA:19,0
DA:21,0
DA:22,0
DA:23,0
DA:24,0
LF:10
LH:0
end_of_record
SF:lib\services\api_services.dart
DA:9,2
DA:15,0
DA:20,0
DA:21,0
DA:22,0
DA:23,0
DA:28,1
DA:33,1
DA:34,2
DA:35,1
DA:36,1
DA:41,1
DA:47,1
DA:48,2
DA:49,1
DA:50,1
DA:56,0
DA:62,0
DA:63,0
DA:64,0
DA:65,0
DA:66,0
DA:71,1
DA:72,4
DA:73,1
DA:74,3
DA:78,1
DA:81,1
DA:82,1
DA:88,1
DA:89,1
DA:90,1
DA:91,0
DA:95,1
DA:96,1
DA:97,1
DA:98,1
DA:101,1
DA:102,2
DA:103,2
LF:40
LH:28
end_of_record
